{"D:\\Prefessional\\level up\\assets\\devops-practice-app\\backend\\index.js": {"path":"D:\\Prefessional\\level up\\assets\\devops-practice-app\\backend\\index.js","statementMap":{"0":{"start":{"line":1,"column":16},"end":{"line":1,"column":34}},"1":{"start":{"line":2,"column":13},"end":{"line":2,"column":28}},"2":{"start":{"line":3,"column":17},"end":{"line":3,"column":30}},"3":{"start":{"line":4,"column":0},"end":{"line":4,"column":27}},"4":{"start":{"line":6,"column":12},"end":{"line":6,"column":21}},"5":{"start":{"line":7,"column":13},"end":{"line":7,"column":37}},"6":{"start":{"line":10,"column":0},"end":{"line":10,"column":16}},"7":{"start":{"line":11,"column":0},"end":{"line":11,"column":24}},"8":{"start":{"line":14,"column":13},"end":{"line":20,"column":2}},"9":{"start":{"line":23,"column":0},"end":{"line":25,"column":3}},"10":{"start":{"line":24,"column":2},"end":{"line":24,"column":72}},"11":{"start":{"line":28,"column":0},"end":{"line":36,"column":3}},"12":{"start":{"line":29,"column":2},"end":{"line":35,"column":3}},"13":{"start":{"line":30,"column":19},"end":{"line":30,"column":74}},"14":{"start":{"line":31,"column":4},"end":{"line":31,"column":26}},"15":{"start":{"line":33,"column":4},"end":{"line":33,"column":31}},"16":{"start":{"line":34,"column":4},"end":{"line":34,"column":52}},"17":{"start":{"line":39,"column":0},"end":{"line":49,"column":3}},"18":{"start":{"line":40,"column":2},"end":{"line":48,"column":3}},"19":{"start":{"line":41,"column":19},"end":{"line":41,"column":29}},"20":{"start":{"line":42,"column":19},"end":{"line":42,"column":78}},"21":{"start":{"line":43,"column":4},"end":{"line":43,"column":91}},"22":{"start":{"line":43,"column":34},"end":{"line":43,"column":91}},"23":{"start":{"line":44,"column":4},"end":{"line":44,"column":29}},"24":{"start":{"line":46,"column":4},"end":{"line":46,"column":31}},"25":{"start":{"line":47,"column":4},"end":{"line":47,"column":52}},"26":{"start":{"line":52,"column":0},"end":{"line":64,"column":3}},"27":{"start":{"line":53,"column":2},"end":{"line":63,"column":3}},"28":{"start":{"line":54,"column":35},"end":{"line":54,"column":43}},"29":{"start":{"line":55,"column":19},"end":{"line":58,"column":5}},"30":{"start":{"line":59,"column":4},"end":{"line":59,"column":41}},"31":{"start":{"line":61,"column":4},"end":{"line":61,"column":31}},"32":{"start":{"line":62,"column":4},"end":{"line":62,"column":52}},"33":{"start":{"line":67,"column":0},"end":{"line":81,"column":3}},"34":{"start":{"line":68,"column":2},"end":{"line":80,"column":3}},"35":{"start":{"line":69,"column":19},"end":{"line":69,"column":29}},"36":{"start":{"line":70,"column":23},"end":{"line":70,"column":31}},"37":{"start":{"line":71,"column":19},"end":{"line":74,"column":5}},"38":{"start":{"line":75,"column":4},"end":{"line":75,"column":91}},"39":{"start":{"line":75,"column":34},"end":{"line":75,"column":91}},"40":{"start":{"line":76,"column":4},"end":{"line":76,"column":29}},"41":{"start":{"line":78,"column":4},"end":{"line":78,"column":31}},"42":{"start":{"line":79,"column":4},"end":{"line":79,"column":52}},"43":{"start":{"line":84,"column":0},"end":{"line":94,"column":3}},"44":{"start":{"line":85,"column":2},"end":{"line":93,"column":3}},"45":{"start":{"line":86,"column":19},"end":{"line":86,"column":29}},"46":{"start":{"line":87,"column":19},"end":{"line":87,"column":88}},"47":{"start":{"line":88,"column":4},"end":{"line":88,"column":91}},"48":{"start":{"line":88,"column":34},"end":{"line":88,"column":91}},"49":{"start":{"line":89,"column":4},"end":{"line":89,"column":55}},"50":{"start":{"line":91,"column":4},"end":{"line":91,"column":31}},"51":{"start":{"line":92,"column":4},"end":{"line":92,"column":52}},"52":{"start":{"line":96,"column":0},"end":{"line":100,"column":1}},"53":{"start":{"line":97,"column":2},"end":{"line":99,"column":5}},"54":{"start":{"line":98,"column":4},"end":{"line":98,"column":58}},"55":{"start":{"line":102,"column":0},"end":{"line":102,"column":21}}},"fnMap":{"0":{"name":"(anonymous_0)","decl":{"start":{"line":23,"column":23},"end":{"line":23,"column":24}},"loc":{"start":{"line":23,"column":37},"end":{"line":25,"column":1}},"line":23},"1":{"name":"(anonymous_1)","decl":{"start":{"line":28,"column":22},"end":{"line":28,"column":23}},"loc":{"start":{"line":28,"column":42},"end":{"line":36,"column":1}},"line":28},"2":{"name":"(anonymous_2)","decl":{"start":{"line":39,"column":26},"end":{"line":39,"column":27}},"loc":{"start":{"line":39,"column":46},"end":{"line":49,"column":1}},"line":39},"3":{"name":"(anonymous_3)","decl":{"start":{"line":52,"column":23},"end":{"line":52,"column":24}},"loc":{"start":{"line":52,"column":43},"end":{"line":64,"column":1}},"line":52},"4":{"name":"(anonymous_4)","decl":{"start":{"line":67,"column":26},"end":{"line":67,"column":27}},"loc":{"start":{"line":67,"column":46},"end":{"line":81,"column":1}},"line":67},"5":{"name":"(anonymous_5)","decl":{"start":{"line":84,"column":29},"end":{"line":84,"column":30}},"loc":{"start":{"line":84,"column":49},"end":{"line":94,"column":1}},"line":84},"6":{"name":"(anonymous_6)","decl":{"start":{"line":97,"column":19},"end":{"line":97,"column":20}},"loc":{"start":{"line":97,"column":25},"end":{"line":99,"column":3}},"line":97}},"branchMap":{"0":{"loc":{"start":{"line":7,"column":13},"end":{"line":7,"column":37}},"type":"binary-expr","locations":[{"start":{"line":7,"column":13},"end":{"line":7,"column":29}},{"start":{"line":7,"column":33},"end":{"line":7,"column":37}}],"line":7},"1":{"loc":{"start":{"line":15,"column":8},"end":{"line":15,"column":41}},"type":"binary-expr","locations":[{"start":{"line":15,"column":8},"end":{"line":15,"column":27}},{"start":{"line":15,"column":31},"end":{"line":15,"column":41}}],"line":15},"2":{"loc":{"start":{"line":16,"column":8},"end":{"line":16,"column":42}},"type":"binary-expr","locations":[{"start":{"line":16,"column":8},"end":{"line":16,"column":27}},{"start":{"line":16,"column":31},"end":{"line":16,"column":42}}],"line":16},"3":{"loc":{"start":{"line":17,"column":12},"end":{"line":17,"column":49}},"type":"binary-expr","locations":[{"start":{"line":17,"column":12},"end":{"line":17,"column":31}},{"start":{"line":17,"column":35},"end":{"line":17,"column":49}}],"line":17},"4":{"loc":{"start":{"line":18,"column":12},"end":{"line":18,"column":49}},"type":"binary-expr","locations":[{"start":{"line":18,"column":12},"end":{"line":18,"column":35}},{"start":{"line":18,"column":39},"end":{"line":18,"column":49}}],"line":18},"5":{"loc":{"start":{"line":19,"column":8},"end":{"line":19,"column":35}},"type":"binary-expr","locations":[{"start":{"line":19,"column":8},"end":{"line":19,"column":27}},{"start":{"line":19,"column":31},"end":{"line":19,"column":35}}],"line":19},"6":{"loc":{"start":{"line":43,"column":4},"end":{"line":43,"column":91}},"type":"if","locations":[{"start":{"line":43,"column":4},"end":{"line":43,"column":91}},{"start":{},"end":{}}],"line":43},"7":{"loc":{"start":{"line":75,"column":4},"end":{"line":75,"column":91}},"type":"if","locations":[{"start":{"line":75,"column":4},"end":{"line":75,"column":91}},{"start":{},"end":{}}],"line":75},"8":{"loc":{"start":{"line":88,"column":4},"end":{"line":88,"column":91}},"type":"if","locations":[{"start":{"line":88,"column":4},"end":{"line":88,"column":91}},{"start":{},"end":{}}],"line":88},"9":{"loc":{"start":{"line":96,"column":0},"end":{"line":100,"column":1}},"type":"if","locations":[{"start":{"line":96,"column":0},"end":{"line":100,"column":1}},{"start":{},"end":{}}],"line":96}},"s":{"0":1,"1":1,"2":1,"3":1,"4":1,"5":1,"6":1,"7":1,"8":1,"9":1,"10":1,"11":1,"12":2,"13":2,"14":1,"15":1,"16":1,"17":1,"18":3,"19":3,"20":3,"21":2,"22":1,"23":1,"24":1,"25":1,"26":1,"27":2,"28":2,"29":2,"30":1,"31":1,"32":1,"33":1,"34":2,"35":2,"36":2,"37":2,"38":1,"39":0,"40":1,"41":1,"42":1,"43":1,"44":2,"45":2,"46":2,"47":1,"48":0,"49":1,"50":1,"51":1,"52":1,"53":0,"54":0,"55":1},"f":{"0":1,"1":2,"2":3,"3":2,"4":2,"5":2,"6":0},"b":{"0":[1,1],"1":[1,1],"2":[1,1],"3":[1,1],"4":[1,1],"5":[1,1],"6":[1,1],"7":[0,1],"8":[0,1],"9":[0,1]},"_coverageSchema":"1a1c01bbd47fc00a2c39e90264f33305004495a9","hash":"203b2252a123f9ab63fa8290af5a134863699210"}
}
