TN:
SF:index.js
FN:23,(anonymous_0)
FN:28,(anonymous_1)
FN:39,(anonymous_2)
FN:52,(anonymous_3)
FN:67,(anonymous_4)
FN:84,(anonymous_5)
FN:97,(anonymous_6)
FNF:7
FNH:6
FNDA:1,(anonymous_0)
FNDA:2,(anonymous_1)
FNDA:3,(anonymous_2)
FNDA:2,(anonymous_3)
FNDA:2,(anonymous_4)
FNDA:2,(anonymous_5)
FNDA:0,(anonymous_6)
DA:1,1
DA:2,1
DA:3,1
DA:4,1
DA:6,1
DA:7,1
DA:10,1
DA:11,1
DA:14,1
DA:23,1
DA:24,1
DA:28,1
DA:29,2
DA:30,2
DA:31,1
DA:33,1
DA:34,1
DA:39,1
DA:40,3
DA:41,3
DA:42,3
DA:43,2
DA:44,1
DA:46,1
DA:47,1
DA:52,1
DA:53,2
DA:54,2
DA:55,2
DA:59,1
DA:61,1
DA:62,1
DA:67,1
DA:68,2
DA:69,2
DA:70,2
DA:71,2
DA:75,1
DA:76,1
DA:78,1
DA:79,1
DA:84,1
DA:85,2
DA:86,2
DA:87,2
DA:88,1
DA:89,1
DA:91,1
DA:92,1
DA:96,1
DA:97,0
DA:98,0
DA:102,1
LF:53
LH:51
BRDA:7,0,0,1
BRDA:7,0,1,1
BRDA:15,1,0,1
BRDA:15,1,1,1
BRDA:16,2,0,1
BRDA:16,2,1,1
BRDA:17,3,0,1
BRDA:17,3,1,1
BRDA:18,4,0,1
BRDA:18,4,1,1
BRDA:19,5,0,1
BRDA:19,5,1,1
BRDA:43,6,0,1
BRDA:43,6,1,1
BRDA:75,7,0,0
BRDA:75,7,1,1
BRDA:88,8,0,0
BRDA:88,8,1,1
BRDA:96,9,0,0
BRDA:96,9,1,1
BRF:20
BRH:17
end_of_record
